<?xml version="1.0" encoding="UTF-8"?>
<testsuite name="com.juht.calculator.CalculatorApplicationTests" tests="1" skipped="0" failures="0" errors="0" timestamp="2019-05-07T05:34:25" hostname="student-HP-ProDesk-400-G2-MT-TPM-DP" time="0.554">
  <properties/>
  <testcase name="contextLoads" classname="com.juht.calculator.CalculatorApplicationTests" time="0.554"/>
  <system-out><![CDATA[14:34:19.809 [Test worker] DEBUG org.springframework.test.context.junit4.SpringJUnit4ClassRunner - SpringJUnit4ClassRunner constructor called with [class com.juht.calculator.CalculatorApplicationTests]
14:34:19.820 [Test worker] DEBUG org.springframework.test.context.BootstrapUtils - Instantiating CacheAwareContextLoaderDelegate from class [org.springframework.test.context.cache.DefaultCacheAwareContextLoaderDelegate]
14:34:19.849 [Test worker] DEBUG org.springframework.test.context.BootstrapUtils - Instantiating BootstrapContext using constructor [public org.springframework.test.context.support.DefaultBootstrapContext(java.lang.Class,org.springframework.test.context.CacheAwareContextLoaderDelegate)]
14:34:19.893 [Test worker] DEBUG org.springframework.test.context.BootstrapUtils - Instantiating TestContextBootstrapper for test class [com.juht.calculator.CalculatorApplicationTests] from class [org.springframework.boot.test.context.SpringBootTestContextBootstrapper]
14:34:19.929 [Test worker] INFO org.springframework.boot.test.context.SpringBootTestContextBootstrapper - Neither @ContextConfiguration nor @ContextHierarchy found for test class [com.juht.calculator.CalculatorApplicationTests], using SpringBootContextLoader
14:34:19.935 [Test worker] DEBUG org.springframework.test.context.support.AbstractContextLoader - Did not detect default resource location for test class [com.juht.calculator.CalculatorApplicationTests]: class path resource [com/juht/calculator/CalculatorApplicationTests-context.xml] does not exist
14:34:19.936 [Test worker] DEBUG org.springframework.test.context.support.AbstractContextLoader - Did not detect default resource location for test class [com.juht.calculator.CalculatorApplicationTests]: class path resource [com/juht/calculator/CalculatorApplicationTestsContext.groovy] does not exist
14:34:19.936 [Test worker] INFO org.springframework.test.context.support.AbstractContextLoader - Could not detect default resource locations for test class [com.juht.calculator.CalculatorApplicationTests]: no resource found for suffixes {-context.xml, Context.groovy}.
14:34:19.939 [Test worker] INFO org.springframework.test.context.support.AnnotationConfigContextLoaderUtils - Could not detect default configuration classes for test class [com.juht.calculator.CalculatorApplicationTests]: CalculatorApplicationTests does not declare any static, non-private, non-final, nested classes annotated with @Configuration.
14:34:20.003 [Test worker] DEBUG org.springframework.test.context.support.ActiveProfilesUtils - Could not find an 'annotation declaring class' for annotation type [org.springframework.test.context.ActiveProfiles] and class [com.juht.calculator.CalculatorApplicationTests]
14:34:20.154 [Test worker] DEBUG org.springframework.context.annotation.ClassPathScanningCandidateComponentProvider - Identified candidate component class: file [/home/student/calculator3/calculator/build/classes/java/main/com/juht/calculator/CalculatorApplication.class]
14:34:20.165 [Test worker] INFO org.springframework.boot.test.context.SpringBootTestContextBootstrapper - Found @SpringBootConfiguration com.juht.calculator.CalculatorApplication for test class com.juht.calculator.CalculatorApplicationTests
14:34:20.399 [Test worker] DEBUG org.springframework.boot.test.context.SpringBootTestContextBootstrapper - @TestExecutionListeners is not present for class [com.juht.calculator.CalculatorApplicationTests]: using defaults.
14:34:20.401 [Test worker] INFO org.springframework.boot.test.context.SpringBootTestContextBootstrapper - Loaded default TestExecutionListener class names from location [META-INF/spring.factories]: [org.springframework.boot.test.autoconfigure.restdocs.RestDocsTestExecutionListener, org.springframework.boot.test.autoconfigure.web.client.MockRestServiceServerResetTestExecutionListener, org.springframework.boot.test.autoconfigure.web.servlet.MockMvcPrintOnlyOnFailureTestExecutionListener, org.springframework.boot.test.autoconfigure.web.servlet.WebDriverTestExecutionListener, org.springframework.boot.test.mock.mockito.MockitoTestExecutionListener, org.springframework.boot.test.mock.mockito.ResetMocksTestExecutionListener, org.springframework.test.context.web.ServletTestExecutionListener, org.springframework.test.context.support.DirtiesContextBeforeModesTestExecutionListener, org.springframework.test.context.support.DependencyInjectionTestExecutionListener, org.springframework.test.context.support.DirtiesContextTestExecutionListener, org.springframework.test.context.transaction.TransactionalTestExecutionListener, org.springframework.test.context.jdbc.SqlScriptsTestExecutionListener]
14:34:20.451 [Test worker] INFO org.springframework.boot.test.context.SpringBootTestContextBootstrapper - Using TestExecutionListeners: [org.springframework.test.context.web.ServletTestExecutionListener@5d50234, org.springframework.test.context.support.DirtiesContextBeforeModesTestExecutionListener@4b7bbfaa, org.springframework.boot.test.mock.mockito.MockitoTestExecutionListener@5fc367a5, org.springframework.boot.test.autoconfigure.SpringBootDependencyInjectionTestExecutionListener@52cc6d38, org.springframework.test.context.support.DirtiesContextTestExecutionListener@7f2501f7, org.springframework.test.context.transaction.TransactionalTestExecutionListener@69356756, org.springframework.test.context.jdbc.SqlScriptsTestExecutionListener@2d0fcb9a, org.springframework.boot.test.autoconfigure.restdocs.RestDocsTestExecutionListener@1c9bc6ae, org.springframework.boot.test.autoconfigure.web.client.MockRestServiceServerResetTestExecutionListener@4be65673, org.springframework.boot.test.autoconfigure.web.servlet.MockMvcPrintOnlyOnFailureTestExecutionListener@9ab878e, org.springframework.boot.test.autoconfigure.web.servlet.WebDriverTestExecutionListener@5aabce3a, org.springframework.boot.test.mock.mockito.ResetMocksTestExecutionListener@18c7dd77]
14:34:20.454 [Test worker] DEBUG org.springframework.test.annotation.ProfileValueUtils - Retrieved @ProfileValueSourceConfiguration [null] for test class [com.juht.calculator.CalculatorApplicationTests]
14:34:20.455 [Test worker] DEBUG org.springframework.test.annotation.ProfileValueUtils - Retrieved ProfileValueSource type [class org.springframework.test.annotation.SystemProfileValueSource] for class [com.juht.calculator.CalculatorApplicationTests]
14:34:20.455 [Test worker] DEBUG org.springframework.test.annotation.ProfileValueUtils - Retrieved @ProfileValueSourceConfiguration [null] for test class [com.juht.calculator.CalculatorApplicationTests]
14:34:20.456 [Test worker] DEBUG org.springframework.test.annotation.ProfileValueUtils - Retrieved ProfileValueSource type [class org.springframework.test.annotation.SystemProfileValueSource] for class [com.juht.calculator.CalculatorApplicationTests]
14:34:20.461 [Test worker] DEBUG org.springframework.test.context.support.AbstractDirtiesContextTestExecutionListener - Before test class: context [DefaultTestContext@705b8da4 testClass = CalculatorApplicationTests, testInstance = [null], testMethod = [null], testException = [null], mergedContextConfiguration = [WebMergedContextConfiguration@1da7e702 testClass = CalculatorApplicationTests, locations = '{}', classes = '{class com.juht.calculator.CalculatorApplication}', contextInitializerClasses = '[]', activeProfiles = '{}', propertySourceLocations = '{}', propertySourceProperties = '{org.springframework.boot.test.context.SpringBootTestContextBootstrapper=true}', contextCustomizers = set[org.springframework.boot.test.autoconfigure.properties.PropertyMappingContextCustomizer@0, org.springframework.boot.test.autoconfigure.web.servlet.WebDriverContextCustomizerFactory$Customizer@6ec8703c, org.springframework.boot.test.context.filter.ExcludeFilterContextCustomizer@4c4f26b3, org.springframework.boot.test.json.DuplicateJsonObjectContextCustomizerFactory$DuplicateJsonObjectContextCustomizer@3fe16a3e, org.springframework.boot.test.mock.mockito.MockitoContextCustomizer@0, org.springframework.boot.test.web.client.TestRestTemplateContextCustomizer@38fce433], resourceBasePath = 'src/main/webapp', contextLoader = 'org.springframework.boot.test.context.SpringBootContextLoader', parent = [null]], attributes = map['org.springframework.test.context.web.ServletTestExecutionListener.activateListener' -> true]], class annotated with @DirtiesContext [false] with mode [null].
14:34:20.462 [Test worker] DEBUG org.springframework.test.annotation.ProfileValueUtils - Retrieved @ProfileValueSourceConfiguration [null] for test class [com.juht.calculator.CalculatorApplicationTests]
14:34:20.463 [Test worker] DEBUG org.springframework.test.annotation.ProfileValueUtils - Retrieved ProfileValueSource type [class org.springframework.test.annotation.SystemProfileValueSource] for class [com.juht.calculator.CalculatorApplicationTests]
14:34:20.495 [Test worker] DEBUG org.springframework.test.context.support.TestPropertySourceUtils - Adding inlined properties to environment: {spring.jmx.enabled=false, org.springframework.boot.test.context.SpringBootTestContextBootstrapper=true, server.port=-1}

  .   ____          _            __ _ _
 /\\ / ___'_ __ _ _(_)_ __  __ _ \ \ \ \
( ( )\___ | '_ | '_| | '_ \/ _` | \ \ \ \
 \\/  ___)| |_)| | | | | || (_| |  ) ) ) )
  '  |____| .__|_| |_|_| |_\__, | / / / /
 =========|_|==============|___/=/_/_/_/
 :: Spring Boot ::        (v2.1.4.RELEASE)

2019-05-07 14:34:21.050  INFO 10257 --- [    Test worker] c.j.c.CalculatorApplicationTests         : Starting CalculatorApplicationTests on student-HP-ProDesk-400-G2-MT-TPM-DP with PID 10257 (started by student in /home/student/calculator3/calculator)
2019-05-07 14:34:21.052  INFO 10257 --- [    Test worker] c.j.c.CalculatorApplicationTests         : No active profile set, falling back to default profiles: default
2019-05-07 14:34:22.467  INFO 10257 --- [    Test worker] .s.d.r.c.RepositoryConfigurationDelegate : Multiple Spring Data modules found, entering strict repository configuration mode!
2019-05-07 14:34:22.472  INFO 10257 --- [    Test worker] .s.d.r.c.RepositoryConfigurationDelegate : Bootstrapping Spring Data repositories in DEFAULT mode.
2019-05-07 14:34:22.647  INFO 10257 --- [    Test worker] .s.d.r.c.RepositoryConfigurationDelegate : Finished Spring Data repository scanning in 30ms. Found 0 repository interfaces.
2019-05-07 14:34:23.186  INFO 10257 --- [    Test worker] trationDelegate$BeanPostProcessorChecker : Bean 'cacheConfig' of type [com.juht.calculator.CacheConfig$$EnhancerBySpringCGLIB$$6a5695af] is not eligible for getting processed by all BeanPostProcessors (for example: not eligible for auto-proxying)
2019-05-07 14:34:25.141  INFO 10257 --- [    Test worker] o.s.s.concurrent.ThreadPoolTaskExecutor  : Initializing ExecutorService 'applicationTaskExecutor'
2019-05-07 14:34:25.783  INFO 10257 --- [    Test worker] c.j.c.CalculatorApplicationTests         : Started CalculatorApplicationTests in 5.261 seconds (JVM running for 7.99)
]]></system-out>
  <system-err><![CDATA[]]></system-err>
</testsuite>
