<?xml version="1.0" encoding="UTF-8"?>
<testsuite name="com.juht.calculator.CalculatorTest" tests="2" skipped="0" failures="0" errors="0" timestamp="2019-05-07T05:34:19" hostname="student-HP-ProDesk-400-G2-MT-TPM-DP" time="0.002">
  <properties/>
  <testcase name="testDif" classname="com.juht.calculator.CalculatorTest" time="0.001"/>
  <testcase name="testSum" classname="com.juht.calculator.CalculatorTest" time="0.0"/>
  <system-out><![CDATA[]]></system-out>
  <system-err><![CDATA[]]></system-err>
</testsuite>
